2024-10-05 13:27:22,592 - INFO - PyTorch version 2.2.2 available.
2024-10-05 13:27:22,593 - INFO - TensorFlow version 2.15.0 available.
2024-10-05 13:27:22,966 - INFO - Running with the following configuration:
2024-10-05 13:27:22,966 - INFO - Mode: train
2024-10-05 13:27:22,966 - INFO - mode: train
2024-10-05 13:29:55,798 - INFO - PyTorch version 2.2.2 available.
2024-10-05 13:29:55,799 - INFO - TensorFlow version 2.15.0 available.
2024-10-05 13:29:56,166 - INFO - Running with the following configuration:
2024-10-05 13:29:56,166 - INFO - Mode: train
2024-10-05 13:29:56,166 - INFO - mode: train
2024-10-05 13:30:11,605 - INFO - PyTorch version 2.2.2 available.
2024-10-05 13:30:11,606 - INFO - TensorFlow version 2.15.0 available.
2024-10-05 13:30:11,884 - INFO - Running with the following configuration:
2024-10-05 13:30:11,884 - INFO - Mode: train
2024-10-05 13:30:11,884 - INFO - mode: train
2024-10-05 13:30:51,436 - INFO - PyTorch version 2.2.2 available.
2024-10-05 13:30:51,437 - INFO - TensorFlow version 2.15.0 available.
2024-10-05 13:30:51,632 - INFO - Running with the following configuration:
2024-10-05 13:30:51,632 - INFO - Mode: train
2024-10-05 13:30:51,632 - INFO - mode: train
2024-10-05 13:31:34,314 - INFO - PyTorch version 2.2.2 available.
2024-10-05 13:31:34,315 - INFO - TensorFlow version 2.15.0 available.
2024-10-05 13:31:34,587 - INFO - Running with the following configuration:
2024-10-05 13:31:34,587 - INFO - Mode: train
2024-10-05 13:31:34,588 - INFO - mode: train
2024-10-05 13:33:53,260 - INFO - PyTorch version 2.2.2 available.
2024-10-05 13:33:53,261 - INFO - TensorFlow version 2.15.0 available.
2024-10-05 13:33:53,461 - INFO - Running with the following configuration:
2024-10-05 13:33:53,461 - INFO - Mode: train
2024-10-05 13:33:53,461 - INFO - mode: train
2024-10-05 13:34:40,288 - INFO - PyTorch version 2.2.2 available.
2024-10-05 13:34:40,290 - INFO - TensorFlow version 2.15.0 available.
2024-10-05 13:34:40,497 - INFO - Running with the following configuration:
2024-10-05 13:34:40,497 - INFO - Mode: train
2024-10-05 13:34:40,497 - INFO - mode: train
2024-10-05 13:38:41,621 - INFO - PyTorch version 2.2.2 available.
2024-10-05 13:38:41,622 - INFO - TensorFlow version 2.15.0 available.
2024-10-05 13:38:41,829 - INFO - Running with the following configuration:
2024-10-05 13:38:41,829 - INFO - Mode: train
2024-10-05 13:38:41,829 - INFO - mode: train
2024-10-05 13:41:05,047 - INFO - PyTorch version 2.2.2 available.
2024-10-05 13:41:05,048 - INFO - TensorFlow version 2.15.0 available.
2024-10-05 13:41:05,249 - INFO - Running with the following configuration:
2024-10-05 13:41:05,249 - INFO - Mode: train
2024-10-05 13:41:05,250 - INFO - mode: train
2024-10-05 13:43:11,273 - INFO - PyTorch version 2.2.2 available.
2024-10-05 13:43:11,274 - INFO - TensorFlow version 2.15.0 available.
2024-10-05 13:43:11,481 - INFO - Running with the following configuration:
2024-10-05 13:43:11,481 - INFO - Mode: train
2024-10-05 13:43:11,481 - INFO - mode: train
2024-10-05 13:45:39,346 - INFO - PyTorch version 2.2.2 available.
2024-10-05 13:45:39,347 - INFO - TensorFlow version 2.15.0 available.
2024-10-05 13:45:39,554 - INFO - Running with the following configuration:
2024-10-05 13:45:39,554 - INFO - Mode: train
2024-10-05 13:45:39,555 - INFO - mode: train
2024-10-05 13:46:26,073 - INFO - PyTorch version 2.2.2 available.
2024-10-05 13:46:26,074 - INFO - TensorFlow version 2.15.0 available.
2024-10-05 13:46:26,273 - INFO - Running with the following configuration:
2024-10-05 13:46:26,274 - INFO - Mode: train
2024-10-05 13:46:26,274 - INFO - mode: train
